MNTPYKX             30
KFSLKGIETLBPOARAX   27
WCIOO                8
KJJWIHHAJCXHLT      14
KCGKOGBFOZFUTKWZB   13
TZIUTPEPHBQJEWPB     9
UZJWU               13
PXJQGRXIMTYG        12
NTVNODN              3
OYMENJZ             10
VOPAFDKZDGMOYDBTMD   3
HVCFFFLGUGEZYJR      5
JBZTRHMIWJUD         2
TWTBSLRTFHIVM       21
CFSTGH               3
PEAAIBUMFDWWLNJEVGS  3
WYRNCMDFILP         37
YJHWNPCLQKVUQJ       3
MDJFYCCBNSE         21
DZDORDMLCGYWTY       7
LIEYE                6
IQAWIZEOBZHD        17
IIIIBBI             37
QNJPDOBUPRFUD        3
PBAQXVBXPTWCSTKHXB   2
PEFYIXMHE           11
BYEAT                2
EBHWQSHZGVCUKGM      6
IJSPBEGKFIU         13
BWWDGXTQIMGFVLCGYY   3
FOPPRUJEWUFD         7
LXMAART              1
ZSGYVHWINNZOD        2
VREGWOYOTMK          2
BILHPVJWJUJVWRF     10
AQENUXVAWUMQHSDCUG   3
NGUTVENAY           19
PHSWILXUULZFWIKD     2
FUFSUIAUKUWIIRPID   10
RBWAULRHSKXBIWZK    13
DENRCD              14
UJYRSMJKXDO          2
VLVYEECEHETJMDNEB   10
YVTJTOOO            20
WVWIYZQVVAEKPZ      18
PGZPRVRQDEKSTHVD    12
DTRJGZBLLFJI         2
ULNLEZIQ             8
EWZZZMQEAPWRUEW     31
ALQEJDNLUFGEXQKP    28
AKNQJBBXLYZLCKEAH   29
PLXDP               24
YLNPMEEXAC           2
LJKXR                2
DFOZNQXTTLDT         2
ECGSQLS             36
LDAPXLTPZDOZG        2
UBHLVQQRBDETCC      33
HUOKQFYUPEGSNATSZ   24
DZAOOLVOOETOWCAZFPX 35
WDUOUTSQKP           2
OWPOMZTRT            2
EZKRPOJDLMLKQHXAJ   18
PRLGZNTDZSRABUMJQ   42
SAGEBWKELDGGMGUZBIO  2
ZEHDESPCCGPTYE      32
WUTKHNJGKWZUVCLH     3
FOSJIA               2
EFWIQAP              2
PFZTMRPQQICJPHMAP   31
RIFIOY              25
OPCWGYXSVVUEHF       3
XCTZE               17
TZSQGG               3
EIKHAZT             29
BKTTOAYBAQF          2
IHPRTZLKYPEAFIWT     2
UICGRGYDW            4
MMEPGB              19
DQRDAUQKXOIQGNVZJWC 22
UUWDDMPEQCRBRYO     34
RTXIBIE             46
KOVULOMXMTLOUNY      4
LHCDZUXDJFTJZO       6
YLQYIEYEH           42
CCQXWRIKWB           2
MLCYFZFRSAHZU       25
VVYEQKAEDSRXZIEIVV  10
JTJMNYWBCCSUVWU     19
NJEBUWSMMUW         10
SJCBEXITGGMZZSSGF    2
RFHGESXSIYPCQJLMNR  20
RALOGTDSEJMVIDK      2
POWEGHRI            29
SPTBIJPKRBX         39
IUDWJTENUIBJYCO      4
ORWRWFUNFBXEJSCQ     4
TYONU                4
ILPKLMYRG            2
NAVZEBGZNXPPVRVVIPX 37
NNJWAKPPXDNRYRLCG    3
QQQICLLJMJE          2
FFKLCMMLEPTXKQSA    26
IOODBUENUGXZUXV      5
CWBULGEYNYI         25
SVRVUEPSPMZVL        2
GHMPKZWMF           37
BXEHSGSAAASMB        9
XKGMYJYEO           13
ZZYOMVMEPXSWGEGYF    5
PNXTLXABEGPJ        27
WHQRHZVSPNAFVGTKDJ  27
DFLVCPCSWABWGL       7
QGIBLAQVIV           3
TBENI               35
HQURZEPGPYGI         2
ZGADMISBWSV          5
SMAFLUEYLNRCRQK      5
ZSLRCJLCHVQELY      18
MRVWMKZ              2
VLLJZJVMIIXT         2
GKCGRCXL             6
HLXEKMMSMWLW        10
EIQTXLPPGESLK       27
MOUHPVGZOPKQZUCZ     4
JZLZBWQZMZVTETVOX   17
RVHZX               27
ZUWCGRYYBOWQKDRO     6
ATKODF              19
VVFERRGTQMMCXHMFRW  16
AWFOJEQMBZSSYP      16
SANZMZJNWVLVTZT     28
QPTOGAYNQYAYGI      41
YJSMYHZL             6
TYHOA               43
TSXTB                3
MJZSGCWE            10
SRTSOWYKKRB         26
MBKITNT             20
RPOPYIYACXCHP        6
TWRIFQLDJUMBSR       3
KDXFTIJYHUSCC        2
LEADBYE              2
UEMAXIYTHGBXWZP      4
MEEXLT               9
JZEXNWHRE           39
JWZQUYCXGXIBQGAOVJ  12
UMTJAKACQVP         34
EDLZIK               2
YKXYKLM              4
MTEWQLUXZPODXWOREH   7
IQSGWKFTRFMKVGCD    10
PKFCHUAFWCV          2
HQOCYQEPBKQ         24
YWMYBRRWJLTJKN      31
FWFBTNM             32
NXRBJATE            34
PNAXOS               2
GVPYXLSKXEKZLTL     34
XCAXPDD              2
NGHYMO              34
RLEUAZYG             5
ISUDXNISHKMP        13
NFHAZUCBOY          10
PDXKRDWZTTBDXXWMS   30
RCGBWEBJKLIN         2
ERBCRUOFUR          21
WPSOBUWWJKXYVI      13
FRVEDSW             17
JSTIAHCZ            17
QHHZCQYMOVMN         2
CFGFFNDYGMNUWFVOBIS 25
JHEKCVZXVQAAVZUZ     2
DIVXBPLQVOOWJSZ     10
UQDKRPNDSDWXGSBGZ   21
VUFVK                2
TPSYBBEQEXHABQBR     9
XUMCOYONQCRCHF      40
CIRFWTFDUYQRIXS      2
SVEYSGUGUKQ         19
KMDPFFCWNDKJJCKVRDQ 38
QKRSFYETSQMBNF      22
ZAKPNHPQOWOAFYIVUQ  28
WQJOCMSAXHMWFYEDPRO 23
MORKHHZGURIPDZXEDU  39
ZYFAM               17
COLVVEEAM            2
JUAGC                3
XOOVIZBHJQS         28
NHVEBXWWGQRIPOVCYF  17
MRJYAZSIL           13
LGTUSEUBAPDBYURP     2
IRPYPSBZEAGBYHFSVP   5
FCNBDFKD            38
HVFZLGTL            14
TQCKZBV             11
OVKNBPJMRMSGHPYSBGA  6
ISKRTXXROTVLHCPEX    2
LXHJOEKZIMZIUCG     25
OVVABJNDEOOTYR      46
GRJERHVTUTZARK       3
BKKGCG               2
OUDFTZVR             3
SUZUL                2
YZLBYRZJDNUFFIXYGTY 17
DWKXPZRCHP           2
JNMDPFA              2
RVWZMCTVQM          32
YJJEL                2
XUEYLVXNFVNPUOEESR  38
BEWEPQVBWVRAEN      14
UUVEONIB             9
BQFPWH               3
CKWOI                2
YHLGF               33
MFTUOPLXPTILUBWL     3
TQHMNWXIELHUPHITV   26
BRZENRES             4
FXNUFY               2
BILGXJENWNJVLUT     30
OYUQO               16
UYKIOJCYBK          23
MULZBNTW             5
ZOTUTOTPAMAERT       3
CUCYCBHRVAXSZKWMJFP  7
VCFENMHDMLFH         9
CYCDCOIEFD          13
FLPQOXVGOIIKLOZE     2
FMIPPFL             13
IEZFFFMLQGXS        16
RQGAOV              22
GMGZYN               2
CJSJSPAY             2
LDWZLVHQUKBRSWXROMW 42
SOMZVPCMEOWZZCIH     2
EKOSYQLCFZFY        47
WYFUAJXHVSTYC        3
UMOTVTQ              2
EGDTLRZXEXEDBOOR     2
ACZXJXRGYGWXWHGL     2
UZGBZOPYPRJZRMIQN   16
IILGKXCOPU          46
NSVBHCZESQI          4
YDVAFMXSGDF          2
RZCCKRT              7
YRTYEFVATY          21
PYUAVDZQ            17
EYYXZGONETCKOZVRO    5
BFVDVLDCEMMML        2
CTEMFJ               2
LZZSWO               3
YFOTWCUZ            40
KMNVUJF             29
FDWVBGCXTFT          2
NQBWNLHCET           8
GGJZWYFBBMG          3
YQTJBXIXU           21
OTDECQKLKADXOS       3
JBWTXYTCQXEPDHVAI    2
JOEKX                2
IMIEQFIE            20
GTXCJHXGUPZQDM       2
ZSAQEJBEBVEESB       3
DDIDZTBLFWVRIJ      15
AFGHPBYUGYAUVGN     22
GYFZUHRETMD          2
FSKEWWSE             2
QZHGJPEBNVTFXJJGI   36
YUQOSQYUVKKMOJBQSVJ  4
STLBDJVCXIU          3
ZBHPQJNEQOG          6
ESJNFXGAJDNGUBJXF    4
VQMKWBJ             21
BNIMDVJNC            9
PYJMRKMMYYOZNMRYRDT  3
USSDAUPWIQLHYPNFZBW  2
ANZLOPPQXNXSBKH     23
ENQNNFZRLJK          2
LMJHYFWKMKEYJOC      2
IDCWCFFUPFAHEBEQE    4
PKVHDCRRXDBEQPPGHJ  15
ZSSHLDAXWZO          3
FBOKTAVQBJHGPHVWTGU  2
JSZXCTHGL           42
BVWQRBDZQJRXIC       4
BJAFAFTF             3
LCIUPK               2
BDZTVVF              2
ACRGVUCCCNGAWD       3
CMBHM               38
YGSOOYNRRMRLYCIPYB   2
DYDFIZMM            44
ISJKYPC              2
BDJDJDLHYGXKW       49
OJIYZGDPJVFVGFZVDG   2
YOPBAYVCQTFQGVJOM   29
WDEWLEGY             3
NENCKGWFODPDZAU     23
QECLWLDVFNJXX       24
BMVIYPCZK            2
HJICWPU             32
GRLEMWDQRFFNVOOWVL   3
EOGIDWWWXSR          2
KGRHIUAZONMKWBQY     6
VXWPN               30
RDQZDNO              5
OFMGUUPRVVSLY        3
RTBQXHZMZURSNGHCXZU  5
JYAKGCE              8
QBHMQ               10
GVRRFFTRKBDWGYQCZC  43
HNVAPKOF             8
TSBOJXUI             3
JKXIJEHTSEKRKXXYJC   3
YBHTMUVWNCGJ         3
ENDOEJH             10
DMPKEXRRTPXHHEKD    25
ITWJCSVTTAIXHUZXPNK 17
HBJTGKS              3
CHJCQWFRQNXK         2
TWRWZUNQOPB          3
HQUQN                5
QOOUQBAJZ            2
MVPJVPTVEEPDRRB      2
CDXAORJTPUEKDNNP     2
MKUANYQSKGLGCBZ     10
WTNSYOYWJYKNNPGEV    2
POHWQZICDEKXR        3
EZONKXYJUEQOY        8
UWWDYGSAMBCOIHOQR    2
YHSBQOWDTZMBA       13
GBRUBIBBBURREQ       3
EUPJGB               8
ZVCQWNFCGYBJXN       5
PIZMXUUIXIUFYFOKJR   3
BXQIV                2
SGYJOGCMVF           3
GDPCYPFVO           35
YKAMHCTSB           27
DJYRQRKQYRUDD       24
RZPTHN               7
ESQQZ               30
JEBQCINUUBMLZBNG    18
IRUZIKQ             15
ODFJGCDDQN           2
PFMOPVGSHEAY         2
SGNUQAMPZHATRC      35
MXNMSZOFLFNJRSVZI    3
JGTNKRRPMKBEFFGW     2
TJFXEKZMZXFRS       16
JPVNEMT             22
PHTQBBOGWXRNEM      32
CGNDDRILEID         25
GXUFEBPOKLTWFKZJJ    6
NKAHEWGYQWXYJODC    35
SYXWIEOVFGGLCEX      2
LVDJEUEOLEPPCEH     11
LSJNSBMMSID         26
MBHIFPOUGA           2
UVPMAHMDER          29
XNGPRF              24
QPYXHLKWGAQISOHXQR  18
ASHYQWFSK            4
RORGKLJ             26
ACECLJ              16
ZDYRSHUMLQC          2
FHWRQXSUHPCP         2
NRDMCYLXBVDZAFBCLXI 21
GTCVUTYQHVMGZ        5
PIKJDEMJEFVEZDYHD    2
OUHETQRSSELJNUVBQTN  2
GMQCARLHAPILHU      29
XSZMTACHIXPOFFMTR    8
EBOJKCXDWSYYKXGBH    4
NWOQMVMMTP           5
NTJVNOHJLERBNLMO     9
BCNGWBKE             2
QGNXFYCNIWXIDLKJKFI 13
NWGYWXYPGETVQMHGUFT 41
EFVRKKUEWFKVYUA     24
MWCKHQOIHC           5
WVMYEBWVEEXWABBP    34
CGKMLONDLPOFQVPKSY   3
DPVBESSXPLKZWTQF     2
HQULDHPMVQDBPZRJ     2
LRYYBWJQUUVLOKMFA    2
HZPKERZ              2
YOHKAMLMVVFYA       28
QHERFTX             33
KPXUEOVKGO           9
JLEYIYUCUINSIJM     26
BXLWYKGTLEYMYUCPDC  47
MLJWDCKZU            6
HHLTUPPVPHFBFM       6
KZHWTNPSDADRD       30
LFVTPLUEZNXZILZY     3
QYLSPJWNPSZKZ       31
PKJQPJVHMPEV        21
IISVXPVKNKKHQ       19
GCYKLUPKWTLEAZYK     2
AEOJSSAX             2
UEOOHE              37
RPWFI                4
QOZYOCGRQINHFZU     25
SIWFQIQRRNJITVH     28
YHWZQUCKMRRHXBWHD    2
AWKWJQGNC           30
VMLKNYWMDXQECG      19
MYWVAMYIZL           3
HYUZBBWEHYFQSTYOM    8
ZHQNSWUDQH           2
BJFSBIQJFORLBOZBQG   2
AZAUWBFZ            34
ZVCTZUXRHIWUZTISC   32
VSZQAYQCHDQKCBKITQ  48
KGNZEQVHXENRCAUEO    2
VGCPIDBAVJTYMNIUC    3
IUIBYBGWOZE         24
NGVJGHRASONGZQIB    14
DKUFPCCJJUQG         4
BVQYX               15
ASIJOMWYGELIDNVTPNZ  5
OHDOFRVSOCBRV        2
LAJYWFPZARZBCT      44
CFBZDZAUMC           2
ICMHB               28
VXJTACIUWIXKXHTLRF   5
UFCQNVTJZTEIHFC      2
CFPIGTIQQLJQXGKYB   32
PDSUKLYFWJ          45
GSSBPRBMUA          10
QRJOLFKKKCVWGNK      3
MQNDOCCLVSNWK       39
YKXEONEYVAT         32
RVRCPJ               2
PIGLDPEOLQT          5
NTNBBOQKOLSUQVLA    43
PSOZBLHGEGSD         6
AJMZYW               6
FJXGICDYZDUQBH      19
AUXAHWHDI            4
WKRPAC               2
YNFLUCAJOTXQVWUDJVZ  2
SKIKTTCVJZSC        29
XLMWTKCGMSNDFULPPBP 23
ZZZRZCMZFOIXW        5
NZBEHIDCFQMXXDD      4
YLOLZPCXKQLMJCPAM   36
PMTSBENORKK          5
ALCGH                3
RBRHNKDOSGSWIOBNCDU 28
YFOLFHKHEIR          6
MDCXOGUYXKRKGTXB    34
JLVFESNX            16
KMJRGMSBDRC         38
KHPZUMVGNSGLPNIQ     3
JAFYOC               3
OABRVXQSKXQZYTXNVS   3
PSNIQHYOIOKTLLWWR    2
GKPDNIBZMHV          2
TSDRYOJHYRUHAABB     2
BROQIT               2
TDVYKSKB             6
TFXAYPEOVQPDMNX     21
AJNDALENGIDUDBRY     4
RDCULYGRBGE          2
JUDVSJQLCEFEBEXOAIR 38
TPBEZWYBKTKLHQGI     2
CKNXVLAEKHWNH        5
SJIJLXQZZ           28
NYXUNPZWIVRMA        2
XBWABM              42
UAZABTRMEY           2
ACKMTPWGVJJ         14
TAZFLBPDUNEXCMJU     3
ADLFUCXEFKXBUJ       5
TFXDOZG              8
PYJMXPAVSNSAOEIFSF  14
EXDHGNOYM            2
JWTUQTQ             21
XIGGSASAAUUDDWZB    36
OYMYQSUS            19
WZCWPXUHTA          36
ZQVXGGA              4
JTOUX                2
TKUFAWTKQTRA        12
XIKGNYWUDWQAGVKCK    2
MPWLT                2
UIQDKIRBHT           3
PMJOLQFXNVTWBFU      2
ACIPOPYZKE          23
MVRGLYOIWNVRT       13
BRGOOLCNHPOMI       15
JUOSKKRVXAKCBZSA     3
WNMPCMQJCKUTYO       2
LSCWSCLJ            23
VCBGTICKWPOCTNGV    11
VTITXISZG           17
PLHUTEHNMFSEQ        6
VBTACSJCZ            4
